<?xml version="1.0" encoding="utf-8"?>
<test-run id="2" duration="0.224" testcasecount="2" total="2" passed="2" failed="0" inconclusive="0" skipped="0" result="Passed" start-time="2018-11-17T 11:46:42Z" end-time="2018-11-17T 11:46:43Z">
  <test-suite type="Assembly" name="WebApiSpec.dll" fullname="/home/mm/swarm_agent/WebApiSpec/bin/Debug/netcoreapp2.0/WebApiSpec.dll" total="2" passed="2" failed="0" inconclusive="0" skipped="0" duration="0.22399999999999998" errors="0" result="Passed">
    <errors />
    <test-suite type="TestSuite" name="WebApiSpec" fullname="WebApiSpec" total="2" passed="2" failed="0" inconclusive="0" skipped="0" result="Passed" duration="0.22399999999999998">
      <test-suite type="TestFixture" name="NodeServiceSpec" fullname="WebApiSpec.NodeServiceSpec" total="2" passed="2" failed="0" inconclusive="0" skipped="0" result="Passed" duration="0.22399999999999998">
        <test-case name="WebApiSpec.NodeServiceSpec.ShouldReturnAllNodesInfoWhenGetNodesCalled" fullname="WebApiSpec.NodeServiceSpec.ShouldReturnAllNodesInfoWhenGetNodesCalled" methodname="ShouldReturnAllNodesInfoWhenGetNodesCalled" classname="WebApiSpec.NodeServiceSpec" result="Passed" duration="0.216" asserts="0" />
        <test-case name="WebApiSpec.NodeServiceSpec.ShouldReturnInternalServerErrorWhenGetNodesCalledAndErrorOccour" fullname="WebApiSpec.NodeServiceSpec.ShouldReturnInternalServerErrorWhenGetNodesCalledAndErrorOccour" methodname="ShouldReturnInternalServerErrorWhenGetNodesCalledAndErrorOccour" classname="WebApiSpec.NodeServiceSpec" result="Passed" duration="0.008" asserts="0" />
      </test-suite>
    </test-suite>
  </test-suite>
</test-run>